<?xml version="1.0" encoding="UTF-8"?>
<!-- Generated by org.testng.reporters.JUnitXMLReporter -->
<testsuite ignored="2" hostname="DESKTOP-RVC0DF7" failures="0" tests="1" name="Test" time="26.027" errors="0" timestamp="2023-01-02T17:29:24 IST">
  <testcase classname="IntegrationTestCases.CreateProductAllTestCases2ndVersion" name="createProductToProductList" time="22.661"/>
  <testcase classname="IntegrationTestCases.CreateProductAllTestCases2ndVersion" name="editProductInProductList" time="0.0">
    <ignored/>
  </testcase> <!-- editProductInProductList -->
  <testcase classname="IntegrationTestCases.CreateProductAllTestCases2ndVersion" name="deleteProductInProductList" time="0.0">
    <ignored/>
  </testcase> <!-- deleteProductInProductList -->
</testsuite> <!-- Test -->
