<?xml version="1.0" encoding="UTF-8"?>
<testng-results ignored="0" total="1" passed="1" failed="0" skipped="0">
  <reporter-output>
  </reporter-output>
  <suite started-at="2023-01-04T11:50:02 IST" name="Suite" finished-at="2023-01-04T11:50:04 IST" duration-ms="2316">
    <groups>
    </groups>
    <test started-at="2023-01-04T11:50:02 IST" name="Test" finished-at="2023-01-04T11:50:04 IST" duration-ms="2316">
      <class name="com.ERP.DDT.ReadDataFromCmdLineTest">
        <test-method signature="readDataFromCmdLine()[pri:0, instance:com.ERP.DDT.ReadDataFromCmdLineTest@2d710f1a]" started-at="2023-01-04T11:50:02 IST" name="readDataFromCmdLine" finished-at="2023-01-04T11:50:04 IST" duration-ms="2275" status="PASS">
          <reporter-output>
          </reporter-output>
        </test-method> <!-- readDataFromCmdLine -->
      </class> <!-- com.ERP.DDT.ReadDataFromCmdLineTest -->
    </test> <!-- Test -->
  </suite> <!-- Suite -->
</testng-results>
