<?xml version="1.0" encoding="UTF-8"?>
<testng-results ignored="0" total="1" passed="1" failed="0" skipped="0">
  <reporter-output>
  </reporter-output>
  <suite started-at="2023-01-06T15:34:03 IST" name="Default suite" finished-at="2023-01-06T15:34:28 IST" duration-ms="25763">
    <groups>
    </groups>
    <test started-at="2023-01-06T15:34:03 IST" name="Default test" finished-at="2023-01-06T15:34:28 IST" duration-ms="25763">
      <class name="IntegrationTestCases.TC_04VerifyProductInManufacturerList">
        <test-method is-config="true" signature="openBrowser()[pri:0, instance:IntegrationTestCases.TC_04VerifyProductInManufacturerList@196a42c3]" started-at="2023-01-06T15:34:03 IST" name="openBrowser" finished-at="2023-01-06T15:34:05 IST" duration-ms="2065" status="PASS">
          <reporter-output>
          </reporter-output>
        </test-method> <!-- openBrowser -->
        <test-method is-config="true" signature="login()[pri:0, instance:IntegrationTestCases.TC_04VerifyProductInManufacturerList@196a42c3]" started-at="2023-01-06T15:34:05 IST" name="login" finished-at="2023-01-06T15:34:05 IST" duration-ms="521" status="PASS">
          <reporter-output>
          </reporter-output>
        </test-method> <!-- login -->
        <test-method signature="checkProductInProductListOfManufacturer()[pri:0, instance:IntegrationTestCases.TC_04VerifyProductInManufacturerList@196a42c3]" started-at="2023-01-06T15:34:05 IST" name="checkProductInProductListOfManufacturer" finished-at="2023-01-06T15:34:12 IST" duration-ms="6752" status="PASS">
          <reporter-output>
          </reporter-output>
        </test-method> <!-- checkProductInProductListOfManufacturer -->
        <test-method is-config="true" signature="logout()[pri:0, instance:IntegrationTestCases.TC_04VerifyProductInManufacturerList@196a42c3]" started-at="2023-01-06T15:34:12 IST" name="logout" finished-at="2023-01-06T15:34:12 IST" duration-ms="103" status="PASS">
          <reporter-output>
          </reporter-output>
        </test-method> <!-- logout -->
        <test-method is-config="true" signature="closeBrowser()[pri:0, instance:IntegrationTestCases.TC_04VerifyProductInManufacturerList@196a42c3]" started-at="2023-01-06T15:34:12 IST" name="closeBrowser" finished-at="2023-01-06T15:34:28 IST" duration-ms="16266" status="PASS">
          <reporter-output>
          </reporter-output>
        </test-method> <!-- closeBrowser -->
      </class> <!-- IntegrationTestCases.TC_04VerifyProductInManufacturerList -->
    </test> <!-- Default test -->
  </suite> <!-- Default suite -->
</testng-results>
